<?xml version="1.0" encoding="UTF-8"?>
<testsuite xmlns:xsi="http://www.w3.org/2001/XMLSchema-instance" xsi:noNamespaceSchemaLocation="https://maven.apache.org/surefire/maven-surefire-plugin/xsd/surefire-test-report.xsd" version="3.0.2" name="com.example.order_management.OrderManagementApplicationTests" time="13.855" tests="1" errors="0" skipped="0" failures="0" flakes="0">
  <properties>
[...]
</properties>
  <testcase name="contextLoads" classname="com.example.order_management.OrderManagementApplicationTests" time="0.582">
    <system-out><![CDATA[16:51:24.226 [main] INFO org.springframework.test.context.support.AnnotationConfigContextLoaderUtils -- Could not detect default configuration classes for test class [com.example.order_management.OrderManagementApplicationTests]: OrderManagementApplicationTests does not declare any static, non-private, non-final, nested classes annotated with @Configuration.
16:51:24.433 [main] INFO org.springframework.boot.test.context.SpringBootTestContextBootstrapper -- Found @SpringBootConfiguration com.example.order_management.OrderManagementApplication for test class com.example.order_management.OrderManagementApplicationTests
16:51:24.567 [main] INFO org.springframework.test.context.support.AnnotationConfigContextLoaderUtils -- Could not detect default configuration classes for test class [com.example.order_management.OrderManagementApplicationTests]: OrderManagementApplicationTests does not declare any static, non-private, non-final, nested classes annotated with @Configuration.
16:51:24.570 [main] INFO org.springframework.boot.test.context.SpringBootTestContextBootstrapper -- Found @SpringBootConfiguration com.example.order_management.OrderManagementApplication for test class com.example.order_management.OrderManagementApplicationTests

  .   ____          _            __ _ _
 /\\ / ___'_ __ _ _(_)_ __  __ _ \ \ \ \
( ( )\___ | '_ | '_| | '_ \/ _` | \ \ \ \
 \\/  ___)| |_)| | | | | || (_| |  ) ) ) )
  '  |____| .__|_| |_|_| |_\__, | / / / /
 =========|_|==============|___/=/_/_/_/

 :: Spring Boot ::                (v4.0.5)

2026-06-08T16:51:25.025+07:00  INFO 25924 --- [order-management] [           main] c.e.o.OrderManagementApplicationTests    : Starting OrderManagementApplicationTests using Java 24.0.1 with PID 25924 (started by ACER in E:\ENTERPRISE APPLICATION INTEGRATION\.Tugas\Project_EAI\order-management)
2026-06-08T16:51:25.026+07:00  INFO 25924 --- [order-management] [           main] c.e.o.OrderManagementApplicationTests    : No active profile set, falling back to 1 default profile: "default"
2026-06-08T16:51:26.596+07:00  INFO 25924 --- [order-management] [           main] .s.d.r.c.RepositoryConfigurationDelegate : Bootstrapping Spring Data JPA repositories in DEFAULT mode.
2026-06-08T16:51:26.761+07:00  INFO 25924 --- [order-management] [           main] .s.d.r.c.RepositoryConfigurationDelegate : Finished Spring Data repository scanning in 141 ms. Found 5 JPA repository interfaces.
2026-06-08T16:51:28.139+07:00  INFO 25924 --- [order-management] [           main] org.hibernate.orm.jpa                    : HHH008540: Processing PersistenceUnitInfo [name: default]
2026-06-08T16:51:28.322+07:00  INFO 25924 --- [order-management] [           main] org.hibernate.orm.core                   : HHH000001: Hibernate ORM core version 7.2.7.Final
2026-06-08T16:51:29.692+07:00  INFO 25924 --- [order-management] [           main] o.s.o.j.p.SpringPersistenceUnitInfo      : No LoadTimeWeaver setup: ignoring JPA class transformer
2026-06-08T16:51:29.781+07:00  INFO 25924 --- [order-management] [           main] com.zaxxer.hikari.HikariDataSource       : HikariPool-1 - Starting...
2026-06-08T16:51:30.266+07:00  INFO 25924 --- [order-management] [           main] com.zaxxer.hikari.pool.HikariPool        : HikariPool-1 - Added connection com.mysql.cj.jdbc.ConnectionImpl@19677add
2026-06-08T16:51:30.266+07:00  INFO 25924 --- [order-management] [           main] com.zaxxer.hikari.HikariDataSource       : HikariPool-1 - Start completed.
2026-06-08T16:51:30.413+07:00  WARN 25924 --- [order-management] [           main] org.hibernate.orm.deprecation            : HHH90000025: MySQLDialect does not need to be specified explicitly using 'hibernate.dialect' (remove the property setting and it will be selected by default)
2026-06-08T16:51:30.445+07:00  INFO 25924 --- [order-management] [           main] org.hibernate.orm.connections.pooling    : HHH10001005: Database info:
	Database JDBC URL [jdbc:mysql://localhost:3306/order_management_db?useSSL=false&serverTimezone=UTC&allowPublicKeyRetrieval=true]
	Database driver: MySQL Connector/J
	Database dialect: MySQLDialect
	Database version: 8.0.45
	Default catalog/schema: order_management_db/undefined
	Autocommit mode: undefined/unknown
	Isolation level: REPEATABLE_READ [default REPEATABLE_READ]
	JDBC fetch size: none
	Pool: DataSourceConnectionProvider
	Minimum pool size: undefined/unknown
	Maximum pool size: undefined/unknown
2026-06-08T16:51:32.803+07:00  INFO 25924 --- [order-management] [           main] org.hibernate.orm.core                   : HHH000489: No JTA platform available (set 'hibernate.transaction.jta.platform' to enable JTA platform integration)
2026-06-08T16:51:33.067+07:00  INFO 25924 --- [order-management] [           main] j.LocalContainerEntityManagerFactoryBean : Initialized JPA EntityManagerFactory for persistence unit 'default'
2026-06-08T16:51:33.266+07:00  INFO 25924 --- [order-management] [           main] o.s.d.j.r.query.QueryEnhancerFactories   : Hibernate is in classpath; If applicable, HQL parser will be used.
2026-06-08T16:51:34.158+07:00  WARN 25924 --- [order-management] [           main] JpaBaseConfiguration$JpaWebConfiguration : spring.jpa.open-in-view is enabled by default. Therefore, database queries may be performed during view rendering. Explicitly configure spring.jpa.open-in-view to disable this warning
2026-06-08T16:51:36.218+07:00  INFO 25924 --- [order-management] [           main] c.e.o.OrderManagementApplicationTests    : Started OrderManagementApplicationTests in 11.558 seconds (process running for 13.368)
Hibernate: 
    select
        count(*) 
    from
        customers c1_0
Data initialized successfully!
]]></system-out>
    <system-err><![CDATA[Mockito is currently self-attaching to enable the inline-mock-maker. This will no longer work in future releases of the JDK. Please add Mockito as an agent to your build as described in Mockito's documentation: https://javadoc.io/doc/org.mockito/mockito-core/latest/org.mockito/org/mockito/Mockito.html#0.3
WARNING: A Java agent has been loaded dynamically (C:\Users\ACER\.m2\repository\net\bytebuddy\byte-buddy-agent\1.17.8\byte-buddy-agent-1.17.8.jar)
WARNING: If a serviceability tool is in use, please run with -XX:+EnableDynamicAgentLoading to hide this warning
WARNING: If a serviceability tool is not in use, please run with -Djdk.instrument.traceUsage for more information
WARNING: Dynamic loading of agents will be disallowed by default in a future release
]]></system-err>
  </testcase>
</testsuite>